2020-12-14 21:36:34,418 [INFO] Activator:170 - 


2020-12-14 21:36:34,421 [INFO] Activator:171 - !SESSION log4j initialized
2020-12-14 21:38:20,337 [INFO] Activator:170 - 


2020-12-14 21:38:20,341 [INFO] Activator:171 - !SESSION log4j initialized
2020-12-14 21:54:33,347 [INFO] Activator:170 - 


2020-12-14 21:54:33,350 [INFO] Activator:171 - !SESSION log4j initialized
2020-12-16 19:28:34,516 [INFO] Activator:170 - 


2020-12-16 19:28:34,520 [INFO] Activator:171 - !SESSION log4j initialized
2020-12-16 19:37:34,395 [ERROR] ApiDbMcu:1471 - Can't use Application install path:
2020-12-16 19:37:36,673 [WARN] RulesReader:54 - Compatibility file://mcu/compatibility.xml not found
2020-12-19 10:33:03,518 [INFO] Activator:170 - 


2020-12-19 10:33:03,538 [INFO] Activator:171 - !SESSION log4j initialized
2020-12-19 10:49:32,236 [ERROR] LogOutputStream:74 - [STDERR_REDIRECT] Managed Build system manifest file error: Option com.atollic.truestudio.general.runtimelib.1715304527 uses a null category that is invalid in its context. The option was ignored.
2020-12-19 10:49:32,243 [ERROR] LogOutputStream:74 - [STDERR_REDIRECT] Managed Build system manifest file error: Option com.atollic.truestudio.toolchain_options.mcu.906924344 uses a null category that is invalid in its context. The option was ignored.
2020-12-19 10:49:32,246 [ERROR] LogOutputStream:74 - [STDERR_REDIRECT] Managed Build system manifest file error: Option com.atollic.truestudio.toolchain_options.vendor.1704986512 uses a null category that is invalid in its context. The option was ignored.
2020-12-19 10:49:32,291 [ERROR] LogOutputStream:74 - [STDERR_REDIRECT] Managed Build system manifest file error: Option com.atollic.truestudio.general.runtimelib.585873398 uses a null category that is invalid in its context. The option was ignored.
2020-12-19 10:49:32,294 [ERROR] LogOutputStream:74 - [STDERR_REDIRECT] Managed Build system manifest file error: Option com.atollic.truestudio.toolchain_options.mcu.1102534103 uses a null category that is invalid in its context. The option was ignored.
2020-12-19 10:49:32,298 [ERROR] LogOutputStream:74 - [STDERR_REDIRECT] Managed Build system manifest file error: Option com.atollic.truestudio.toolchain_options.vendor.1035309934 uses a null category that is invalid in its context. The option was ignored.
2020-12-19 10:49:32,433 [ERROR] LogOutputStream:74 - [STDERR_REDIRECT] Managed Build system manifest file error: Option com.atollic.truestudio.general.runtimelib.1715304527 uses a null category that is invalid in its context. The option was ignored.
2020-12-19 10:49:32,436 [ERROR] LogOutputStream:74 - [STDERR_REDIRECT] Managed Build system manifest file error: Option com.atollic.truestudio.toolchain_options.mcu.906924344 uses a null category that is invalid in its context. The option was ignored.
2020-12-19 10:49:32,439 [ERROR] LogOutputStream:74 - [STDERR_REDIRECT] Managed Build system manifest file error: Option com.atollic.truestudio.toolchain_options.vendor.1704986512 uses a null category that is invalid in its context. The option was ignored.
2020-12-19 10:49:32,449 [ERROR] LogOutputStream:74 - [STDERR_REDIRECT] Managed Build system manifest file error: Option com.atollic.truestudio.general.runtimelib.585873398 uses a null category that is invalid in its context. The option was ignored.
2020-12-19 10:49:32,452 [ERROR] LogOutputStream:74 - [STDERR_REDIRECT] Managed Build system manifest file error: Option com.atollic.truestudio.toolchain_options.mcu.1102534103 uses a null category that is invalid in its context. The option was ignored.
2020-12-19 10:49:32,456 [ERROR] LogOutputStream:74 - [STDERR_REDIRECT] Managed Build system manifest file error: Option com.atollic.truestudio.toolchain_options.vendor.1035309934 uses a null category that is invalid in its context. The option was ignored.
2020-12-19 17:43:11,492 [INFO] Activator:170 - 


2020-12-19 17:43:11,511 [INFO] Activator:171 - !SESSION log4j initialized
2020-12-19 22:46:42,777 [INFO] Activator:170 - 


2020-12-19 22:46:42,792 [INFO] Activator:171 - !SESSION log4j initialized
2020-12-19 23:13:25,188 [INFO] Activator:170 - 


2020-12-19 23:13:25,190 [INFO] Activator:171 - !SESSION log4j initialized
2020-12-19 23:28:04,522 [INFO] Activator:170 - 


2020-12-19 23:28:04,524 [INFO] Activator:171 - !SESSION log4j initialized
2020-12-19 23:29:26,077 [INFO] Activator:170 - 


2020-12-19 23:29:26,079 [INFO] Activator:171 - !SESSION log4j initialized
2020-12-19 23:41:37,654 [INFO] Activator:170 - 


2020-12-19 23:41:37,657 [INFO] Activator:171 - !SESSION log4j initialized
2020-12-19 23:47:59,392 [INFO] McuFinderGlobals:40 - Set McuFinder mode to 2 (CubeIDE integrated)
2020-12-19 23:48:01,610 [INFO] ApplicationProperties:181 - Using Application install path: C:\ST\STM32CubeIDE_1.5.0\STM32CubeIDE\plugins\com.st.stm32cube.common.mx_6.1.0.202011121557
2020-12-19 23:48:01,624 [INFO] DbMcusXml:71 - Set database path to: C:\ST\STM32CubeIDE_1.5.0\STM32CubeIDE\plugins\com.st.stm32cube.common.mx_6.1.0.202011121557\\db\/mcu/
2020-12-19 23:48:01,628 [INFO] DbBoardsPdsc:57 - Set plugin database path to: C:\ST\STM32CubeIDE_1.5.0\STM32CubeIDE\plugins\com.st.stm32cube.common.mx_6.1.0.202011121557\\db\/plugins/boardmanager/
2020-12-19 23:48:01,628 [INFO] DbMcus:259 - Set plugin images path to: C:\ST\STM32CubeIDE_1.5.0\STM32CubeIDE\plugins\com.st.stm32cube.common.mx_6.1.0.202011121557\\db\/plugins/mcufinder/images/
2020-12-19 23:48:01,629 [INFO] DbBoards:265 - Set plugin images path to: C:\ST\STM32CubeIDE_1.5.0\STM32CubeIDE\plugins\com.st.stm32cube.common.mx_6.1.0.202011121557\\db\/plugins/mcufinder/images/
2020-12-19 23:48:01,631 [INFO] DbExamples:329 - Set plugin images path to: C:\ST\STM32CubeIDE_1.5.0\STM32CubeIDE\plugins\com.st.stm32cube.common.mx_6.1.0.202011121557\\db\/plugins/mcufinder/images/
2020-12-19 23:48:01,645 [INFO] DbMcusDocs:112 - Set database path to: C:\Users\WANG\.stmcufinder\plugins\mcufinder//mcu/
2020-12-19 23:48:01,648 [INFO] DbMcusJson:63 - Set database path to: C:\Users\WANG\.stmcufinder\plugins\mcufinder//mcu/
2020-12-19 23:48:01,648 [INFO] DbBoardsDocs:112 - Set database path to: C:\Users\WANG\.stmcufinder\plugins\mcufinder//mcu/
2020-12-19 23:48:01,650 [INFO] DbBoardsJson:56 - Set database path to: C:\Users\WANG\.stmcufinder\plugins\mcufinder//mcu/
2020-12-19 23:48:01,860 [INFO] CrossReferenceDbSqlite:196 - Set database path to: C:\Users\WANG\.stmcufinder\plugins\mcufinder//mcu/cs/
2020-12-19 23:48:01,875 [INFO] DbExamplesSqlite:699 - Set database path to: C:\Users\WANG\.stmcufinder\plugins\mcufinder//mcu/
2020-12-19 23:48:02,021 [INFO] RulesReader:52 - Compatibility file has been processed (228 Rules)
2020-12-19 23:48:02,180 [INFO] MicroXplorer:565 - Detected Java Version = 1.8.0_272
2020-12-19 23:48:02,181 [INFO] DbMcusXml:71 - Set database path to: C:\ST\STM32CubeIDE_1.5.0\STM32CubeIDE\plugins\com.st.stm32cube.common.mx_6.1.0.202011121557\\db\/mcu/
2020-12-19 23:48:02,182 [INFO] DbBoardsPdsc:57 - Set plugin database path to: C:\ST\STM32CubeIDE_1.5.0\STM32CubeIDE\plugins\com.st.stm32cube.common.mx_6.1.0.202011121557\\db\/plugins/boardmanager/
2020-12-19 23:48:02,182 [INFO] DbMcus:259 - Set plugin images path to: C:\ST\STM32CubeIDE_1.5.0\STM32CubeIDE\plugins\com.st.stm32cube.common.mx_6.1.0.202011121557\\db\/plugins/mcufinder/images/
2020-12-19 23:48:02,182 [INFO] DbBoards:265 - Set plugin images path to: C:\ST\STM32CubeIDE_1.5.0\STM32CubeIDE\plugins\com.st.stm32cube.common.mx_6.1.0.202011121557\\db\/plugins/mcufinder/images/
2020-12-19 23:48:02,182 [INFO] DbExamples:329 - Set plugin images path to: C:\ST\STM32CubeIDE_1.5.0\STM32CubeIDE\plugins\com.st.stm32cube.common.mx_6.1.0.202011121557\\db\/plugins/mcufinder/images/
2020-12-19 23:48:02,182 [WARN] DbFile:36 - Overriding database path with different value: C:\Users\WANG\.stmcufinder\plugins\mcufinder/ => C:\Users\WANG\.stmcufinder\plugins\mcufinder
2020-12-19 23:48:02,183 [INFO] DbMcusDocs:112 - Set database path to: C:\Users\WANG\.stmcufinder\plugins\mcufinder//mcu/
2020-12-19 23:48:02,183 [WARN] DbFile:36 - Overriding database path with different value: C:\Users\WANG\.stmcufinder\plugins\mcufinder/ => C:\Users\WANG\.stmcufinder\plugins\mcufinder
2020-12-19 23:48:02,183 [INFO] DbMcusJson:63 - Set database path to: C:\Users\WANG\.stmcufinder\plugins\mcufinder//mcu/
2020-12-19 23:48:02,183 [WARN] DbFile:36 - Overriding database path with different value: C:\Users\WANG\.stmcufinder\plugins\mcufinder/ => C:\Users\WANG\.stmcufinder\plugins\mcufinder
2020-12-19 23:48:02,183 [INFO] DbBoardsDocs:112 - Set database path to: C:\Users\WANG\.stmcufinder\plugins\mcufinder//mcu/
2020-12-19 23:48:02,183 [WARN] DbFile:36 - Overriding database path with different value: C:\Users\WANG\.stmcufinder\plugins\mcufinder/ => C:\Users\WANG\.stmcufinder\plugins\mcufinder
2020-12-19 23:48:02,184 [INFO] DbBoardsJson:56 - Set database path to: C:\Users\WANG\.stmcufinder\plugins\mcufinder//mcu/
2020-12-19 23:48:02,184 [WARN] DbFile:36 - Overriding database path with different value: C:\Users\WANG\.stmcufinder\plugins\mcufinder/ => C:\Users\WANG\.stmcufinder\plugins\mcufinder
2020-12-19 23:48:02,184 [WARN] DbFile:36 - Overriding database path with different value: C:\Users\WANG\.stmcufinder\plugins\mcufinder/ => C:\Users\WANG\.stmcufinder\plugins\mcufinder
2020-12-19 23:48:02,184 [INFO] CrossReferenceDbSqlite:196 - Set database path to: C:\Users\WANG\.stmcufinder\plugins\mcufinder//mcu/cs/
2020-12-19 23:48:02,184 [WARN] DbFile:36 - Overriding database path with different value: C:\Users\WANG\.stmcufinder\plugins\mcufinder/ => C:\Users\WANG\.stmcufinder\plugins\mcufinder
2020-12-19 23:48:02,184 [INFO] DbExamplesSqlite:699 - Set database path to: C:\Users\WANG\.stmcufinder\plugins\mcufinder//mcu/
2020-12-19 23:48:02,293 [INFO] MainPanel:190 - HeapMemory: 351272960
2020-12-19 23:48:02,377 [INFO] DbMcusXml:71 - Set database path to: C:\ST\STM32CubeIDE_1.5.0\STM32CubeIDE\plugins\com.st.stm32cube.common.mx_6.1.0.202011121557\\db\/mcu/
2020-12-19 23:48:02,378 [INFO] DbBoardsPdsc:57 - Set plugin database path to: C:\ST\STM32CubeIDE_1.5.0\STM32CubeIDE\plugins\com.st.stm32cube.common.mx_6.1.0.202011121557\\db\/plugins/boardmanager/
2020-12-19 23:48:02,378 [INFO] DbMcus:259 - Set plugin images path to: C:\ST\STM32CubeIDE_1.5.0\STM32CubeIDE\plugins\com.st.stm32cube.common.mx_6.1.0.202011121557\\db\/plugins/mcufinder/images/
2020-12-19 23:48:02,378 [INFO] DbBoards:265 - Set plugin images path to: C:\ST\STM32CubeIDE_1.5.0\STM32CubeIDE\plugins\com.st.stm32cube.common.mx_6.1.0.202011121557\\db\/plugins/mcufinder/images/
2020-12-19 23:48:02,378 [INFO] DbExamples:329 - Set plugin images path to: C:\ST\STM32CubeIDE_1.5.0\STM32CubeIDE\plugins\com.st.stm32cube.common.mx_6.1.0.202011121557\\db\/plugins/mcufinder/images/
2020-12-19 23:48:02,379 [WARN] DbFile:36 - Overriding database path with different value: C:\Users\WANG\.stmcufinder\plugins\mcufinder/ => C:\Users\WANG\.stmcufinder\plugins\mcufinder
2020-12-19 23:48:02,379 [INFO] DbMcusDocs:112 - Set database path to: C:\Users\WANG\.stmcufinder\plugins\mcufinder//mcu/
2020-12-19 23:48:02,379 [WARN] DbFile:36 - Overriding database path with different value: C:\Users\WANG\.stmcufinder\plugins\mcufinder/ => C:\Users\WANG\.stmcufinder\plugins\mcufinder
2020-12-19 23:48:02,379 [INFO] DbMcusJson:63 - Set database path to: C:\Users\WANG\.stmcufinder\plugins\mcufinder//mcu/
2020-12-19 23:48:02,379 [WARN] DbFile:36 - Overriding database path with different value: C:\Users\WANG\.stmcufinder\plugins\mcufinder/ => C:\Users\WANG\.stmcufinder\plugins\mcufinder
2020-12-19 23:48:02,379 [INFO] DbBoardsDocs:112 - Set database path to: C:\Users\WANG\.stmcufinder\plugins\mcufinder//mcu/
2020-12-19 23:48:02,380 [WARN] DbFile:36 - Overriding database path with different value: C:\Users\WANG\.stmcufinder\plugins\mcufinder/ => C:\Users\WANG\.stmcufinder\plugins\mcufinder
2020-12-19 23:48:02,380 [INFO] DbBoardsJson:56 - Set database path to: C:\Users\WANG\.stmcufinder\plugins\mcufinder//mcu/
2020-12-19 23:48:02,380 [WARN] DbFile:36 - Overriding database path with different value: C:\Users\WANG\.stmcufinder\plugins\mcufinder/ => C:\Users\WANG\.stmcufinder\plugins\mcufinder
2020-12-19 23:48:02,380 [WARN] DbFile:36 - Overriding database path with different value: C:\Users\WANG\.stmcufinder\plugins\mcufinder/ => C:\Users\WANG\.stmcufinder\plugins\mcufinder
2020-12-19 23:48:02,380 [INFO] CrossReferenceDbSqlite:196 - Set database path to: C:\Users\WANG\.stmcufinder\plugins\mcufinder//mcu/cs/
2020-12-19 23:48:02,380 [WARN] DbFile:36 - Overriding database path with different value: C:\Users\WANG\.stmcufinder\plugins\mcufinder/ => C:\Users\WANG\.stmcufinder\plugins\mcufinder
2020-12-19 23:48:02,381 [INFO] DbExamplesSqlite:699 - Set database path to: C:\Users\WANG\.stmcufinder\plugins\mcufinder//mcu/
2020-12-19 23:48:02,404 [INFO] ApplicationProperties:181 - Using Application install path: C:\ST\STM32CubeIDE_1.5.0\STM32CubeIDE\plugins\com.st.stm32cube.common.mx_6.1.0.202011121557
2020-12-19 23:48:02,405 [INFO] PluginManage:178 - Search for loadable plugins [exclusion list=, ]
2020-12-19 23:48:02,407 [INFO] PluginManage:292 - Check plugin analytics
2020-12-19 23:48:02,572 [INFO] AnalyticsPlugin:225 - Accepted Software Licenses: STM32CubeMX.5.6.1,STM32CubeMX.5.4.0,STM32CubeMX.6.1.0
2020-12-19 23:48:02,573 [INFO] AnalyticsPlugin:227 - Accepted CMSIS Pack Licenses: 
2020-12-19 23:48:02,573 [INFO] AnalyticsPlugin:229 - Accepted Firmware Licenses: 
2020-12-19 23:48:02,574 [INFO] PluginManage:342 - Loaded plugin analytics (category:tool,tabindex:-1)
2020-12-19 23:48:02,574 [INFO] PluginManage:292 - Check plugin clock
2020-12-19 23:48:02,597 [INFO] PluginManage:342 - Loaded plugin clock (category:base,tabindex:2)
2020-12-19 23:48:02,597 [INFO] PluginManage:292 - Check plugin ddr
2020-12-19 23:48:02,599 [INFO] PluginManage:342 - Loaded plugin ddr (category:tool,tabindex:6)
2020-12-19 23:48:02,600 [INFO] PluginManage:292 - Check plugin filemanager
2020-12-19 23:48:02,730 [INFO] PluginManage:342 - Loaded plugin filemanager (category:base,tabindex:10)
2020-12-19 23:48:02,730 [INFO] PluginManage:292 - Check plugin ipmanager
2020-12-19 23:48:02,748 [INFO] PluginManage:342 - Loaded plugin ipmanager (category:base,tabindex:5)
2020-12-19 23:48:02,750 [INFO] PluginManage:292 - Check plugin pinoutandconfiguration
2020-12-19 23:48:02,768 [INFO] PluginManage:342 - Loaded plugin pinoutandconfiguration (category:base,tabindex:1)
2020-12-19 23:48:02,768 [INFO] PluginManage:292 - Check plugin pinoutconfig
2020-12-19 23:48:02,805 [INFO] PluginManage:342 - Loaded plugin pinoutconfig (category:base,tabindex:0)
2020-12-19 23:48:02,806 [INFO] PluginManage:292 - Check plugin power
2020-12-19 23:48:02,825 [INFO] PluginManage:342 - Loaded plugin power (category:power,tabindex:4)
2020-12-19 23:48:02,826 [INFO] PluginManage:292 - Check plugin projectmanager
2020-12-19 23:48:02,840 [INFO] PluginManage:342 - Loaded plugin projectmanager (category:projectmanager,tabindex:3)
2020-12-19 23:48:02,841 [INFO] PluginManage:292 - Check plugin thirdparty
2020-12-19 23:48:03,083 [INFO] PluginManage:342 - Loaded plugin thirdparty (category:base,tabindex:-1)
2020-12-19 23:48:03,084 [WARN] IntegrityCheckThread:59 - waiting for thirdparty lock release [integrity check]
2020-12-19 23:48:03,084 [INFO] PluginManage:292 - Check plugin tools
2020-12-19 23:48:03,084 [INFO] IntegrityCheckThread:61 - entering critical section [integrity check]
2020-12-19 23:48:03,084 [INFO] ThirdPartyUpdaterWithRetryManager:56 - Updater plugin not ready yet. [1/15]
2020-12-19 23:48:03,127 [INFO] PluginManage:342 - Loaded plugin tools (category:base,tabindex:7)
2020-12-19 23:48:03,127 [INFO] PluginManage:292 - Check plugin tutovideos
2020-12-19 23:48:03,406 [INFO] PluginManage:342 - Loaded plugin tutovideos (category:base,tabindex:-1)
2020-12-19 23:48:03,406 [INFO] PluginManage:292 - Check plugin updater
2020-12-19 23:48:03,422 [INFO] PluginManage:342 - Loaded plugin updater (category:base,tabindex:12)
2020-12-19 23:48:03,423 [INFO] PluginManage:265 - PluginManage : Loaded plugins [13]
2020-12-19 23:48:03,720 [INFO] PinOutPanel:1434 - setPackage(No Configuration,No Configuration)
2020-12-19 23:48:03,884 [INFO] IPUIPlugin:64 - create IPUIPlugin
2020-12-19 23:48:03,884 [INFO] PluginManager:203 - loadIPPluginJar : add adc
2020-12-19 23:48:03,911 [INFO] IPUIPlugin:64 - create IPUIPlugin
2020-12-19 23:48:03,911 [INFO] PluginManager:203 - loadIPPluginJar : add aes
2020-12-19 23:48:03,946 [INFO] IPUIPlugin:64 - create IPUIPlugin
2020-12-19 23:48:03,946 [INFO] PluginManager:203 - loadIPPluginJar : add can
2020-12-19 23:48:03,969 [INFO] IPUIPlugin:64 - create IPUIPlugin
2020-12-19 23:48:03,969 [INFO] PluginManager:203 - loadIPPluginJar : add comp
2020-12-19 23:48:03,995 [INFO] IPUIPlugin:64 - create IPUIPlugin
2020-12-19 23:48:03,996 [INFO] PluginManager:203 - loadIPPluginJar : add cryp
2020-12-19 23:48:04,022 [INFO] IPUIPlugin:64 - create IPUIPlugin
2020-12-19 23:48:04,022 [INFO] PluginManager:203 - loadIPPluginJar : add dfsdm
2020-12-19 23:48:04,034 [INFO] IPUIPlugin:64 - create IPUIPlugin
2020-12-19 23:48:04,034 [INFO] PluginManager:203 - loadIPPluginJar : add dma
2020-12-19 23:48:04,053 [INFO] IPUIPlugin:64 - create IPUIPlugin
2020-12-19 23:48:04,053 [INFO] PluginManager:203 - loadIPPluginJar : add fatfs
2020-12-19 23:48:04,093 [INFO] IPUIPlugin:64 - create IPUIPlugin
2020-12-19 23:48:04,093 [INFO] PluginManager:203 - loadIPPluginJar : add fmc
2020-12-19 23:48:04,106 [INFO] IPUIPlugin:64 - create IPUIPlugin
2020-12-19 23:48:04,106 [INFO] PluginManager:203 - loadIPPluginJar : add freertos
2020-12-19 23:48:04,126 [INFO] IPUIPlugin:64 - create IPUIPlugin
2020-12-19 23:48:04,126 [INFO] PluginManager:203 - loadIPPluginJar : add genericplugin
2020-12-19 23:48:04,187 [INFO] IPUIPlugin:64 - create IPUIPlugin
2020-12-19 23:48:04,188 [INFO] PluginManager:203 - loadIPPluginJar : add gfxmmu
2020-12-19 23:48:04,271 [INFO] IPUIPlugin:64 - create IPUIPlugin
2020-12-19 23:48:04,272 [INFO] PluginManager:203 - loadIPPluginJar : add gic
2020-12-19 23:48:04,283 [INFO] IPUIPlugin:64 - create IPUIPlugin
2020-12-19 23:48:04,284 [INFO] PluginManager:203 - loadIPPluginJar : add gpio
2020-12-19 23:48:04,334 [INFO] IPUIPlugin:64 - create IPUIPlugin
2020-12-19 23:48:04,334 [INFO] PluginManager:203 - loadIPPluginJar : add gtzc
2020-12-19 23:48:04,358 [INFO] IPUIPlugin:64 - create IPUIPlugin
2020-12-19 23:48:04,358 [INFO] PluginManager:203 - loadIPPluginJar : add hash
2020-12-19 23:48:04,398 [INFO] IPUIPlugin:64 - create IPUIPlugin
2020-12-19 23:48:04,398 [INFO] PluginManager:203 - loadIPPluginJar : add i2c
2020-12-19 23:48:04,430 [INFO] IPUIPlugin:64 - create IPUIPlugin
2020-12-19 23:48:04,431 [INFO] PluginManager:203 - loadIPPluginJar : add i2s
2020-12-19 23:48:04,440 [INFO] IPUIPlugin:64 - create IPUIPlugin
2020-12-19 23:48:04,440 [INFO] PluginManager:203 - loadIPPluginJar : add ipddr
2020-12-19 23:48:04,468 [INFO] IPUIPlugin:64 - create IPUIPlugin
2020-12-19 23:48:04,468 [INFO] PluginManager:203 - loadIPPluginJar : add lorawan
2020-12-19 23:48:04,499 [INFO] IPUIPlugin:64 - create IPUIPlugin
2020-12-19 23:48:04,499 [INFO] PluginManager:203 - loadIPPluginJar : add ltdc
2020-12-19 23:48:04,514 [INFO] IPUIPlugin:64 - create IPUIPlugin
2020-12-19 23:48:04,515 [INFO] PluginManager:203 - loadIPPluginJar : add mdma
2020-12-19 23:48:04,526 [INFO] IPUIPlugin:64 - create IPUIPlugin
2020-12-19 23:48:04,526 [INFO] PluginManager:203 - loadIPPluginJar : add nvic
2020-12-19 23:48:04,556 [INFO] IPUIPlugin:64 - create IPUIPlugin
2020-12-19 23:48:04,556 [INFO] PluginManager:203 - loadIPPluginJar : add opamp
2020-12-19 23:48:04,602 [INFO] IPUIPlugin:64 - create IPUIPlugin
2020-12-19 23:48:04,602 [INFO] PluginManager:203 - loadIPPluginJar : add openamp
2020-12-19 23:48:04,636 [INFO] IPUIPlugin:64 - create IPUIPlugin
2020-12-19 23:48:04,637 [INFO] PluginManager:203 - loadIPPluginJar : add pdm2pcm
2020-12-19 23:48:04,651 [INFO] IPUIPlugin:64 - create IPUIPlugin
2020-12-19 23:48:04,654 [INFO] PluginManager:203 - loadIPPluginJar : add plateformsettings
2020-12-19 23:48:04,674 [INFO] IPUIPlugin:64 - create IPUIPlugin
2020-12-19 23:48:04,675 [INFO] PluginManager:203 - loadIPPluginJar : add quadspi
2020-12-19 23:48:04,685 [INFO] IPUIPlugin:64 - create IPUIPlugin
2020-12-19 23:48:04,686 [INFO] PluginManager:203 - loadIPPluginJar : add resmgrutility
2020-12-19 23:48:04,727 [INFO] IPUIPlugin:64 - create IPUIPlugin
2020-12-19 23:48:04,727 [INFO] PluginManager:203 - loadIPPluginJar : add sai
2020-12-19 23:48:04,756 [INFO] IPUIPlugin:64 - create IPUIPlugin
2020-12-19 23:48:04,756 [INFO] PluginManager:203 - loadIPPluginJar : add spi
2020-12-19 23:48:04,798 [INFO] IPUIPlugin:64 - create IPUIPlugin
2020-12-19 23:48:04,798 [INFO] PluginManager:203 - loadIPPluginJar : add stm32_wpan
2020-12-19 23:48:04,822 [INFO] IPUIPlugin:64 - create IPUIPlugin
2020-12-19 23:48:04,822 [INFO] PluginManager:203 - loadIPPluginJar : add tim
2020-12-19 23:48:04,875 [INFO] IPUIPlugin:64 - create IPUIPlugin
2020-12-19 23:48:04,875 [INFO] PluginManager:203 - loadIPPluginJar : add touchsensing
2020-12-19 23:48:04,898 [INFO] IPUIPlugin:64 - create IPUIPlugin
2020-12-19 23:48:04,898 [INFO] PluginManager:203 - loadIPPluginJar : add tracer_emb
2020-12-19 23:48:04,928 [INFO] IPUIPlugin:64 - create IPUIPlugin
2020-12-19 23:48:04,928 [INFO] PluginManager:203 - loadIPPluginJar : add ts
2020-12-19 23:48:04,952 [INFO] IPUIPlugin:64 - create IPUIPlugin
2020-12-19 23:48:04,952 [INFO] PluginManager:203 - loadIPPluginJar : add tsc
2020-12-19 23:48:04,975 [INFO] IPUIPlugin:64 - create IPUIPlugin
2020-12-19 23:48:04,975 [INFO] PluginManager:203 - loadIPPluginJar : add ucpd
2020-12-19 23:48:05,014 [INFO] IPUIPlugin:64 - create IPUIPlugin
2020-12-19 23:48:05,015 [INFO] PluginManager:203 - loadIPPluginJar : add usart
2020-12-19 23:48:05,381 [FATAL] Updater:284 - Updater called before beeing initialized
2020-12-19 23:48:05,527 [FATAL] Updater:284 - Updater called before beeing initialized
2020-12-19 23:48:05,601 [WARN] DetailPanel:347 - Failed to get advertising image, set to default
2020-12-19 23:48:05,605 [FATAL] Updater:284 - Updater called before beeing initialized
2020-12-19 23:48:05,605 [WARN] DetailPanel:347 - Failed to get advertising image, set to default
2020-12-19 23:48:05,670 [FATAL] Updater:284 - Updater called before beeing initialized
2020-12-19 23:48:05,670 [WARN] ThirdParty:783 - waiting for thirdparty lock release [close project]
2020-12-19 23:48:06,087 [INFO] ThirdPartyUpdaterWithRetryManager:56 - Updater plugin not ready yet. [2/15]
2020-12-19 23:48:09,091 [FATAL] Updater:284 - Updater called before beeing initialized
2020-12-19 23:48:09,092 [ERROR] AbstractThirdPartyUpdaterManager:153 - java.lang.Integer cannot be cast to java.util.List
2020-12-19 23:48:09,093 [INFO] ThirdParty:887 - Integrity check success = false
2020-12-19 23:48:09,094 [INFO] IntegrityCheckThread:75 - exiting critical section [integrity check]
2020-12-19 23:48:09,094 [INFO] IntegrityCheckThread:78 - End integrity checks thread
2020-12-19 23:48:09,094 [INFO] ThirdParty:785 - entering critical section [close project]
2020-12-19 23:48:09,099 [INFO] ThirdParty:796 - exiting critical section [close project]
2020-12-19 23:48:09,112 [INFO] PinOutPanel:1434 - setPackage(No Configuration,No Configuration)
2020-12-19 23:48:09,114 [FATAL] Updater:284 - Updater called before beeing initialized
2020-12-19 23:48:09,150 [ERROR] Updater:1065 - MainUpdater not yet initialized. External WinMGr cannot be set.
2020-12-19 23:48:09,164 [INFO] Updater:1002 - Updater Version found : 6.1.0
2020-12-19 23:48:09,184 [INFO] ApplicationProperties:181 - Using Application install path: C:\ST\STM32CubeIDE_1.5.0\STM32CubeIDE\plugins\com.st.stm32cube.common.mx_6.1.0.202011121557
2020-12-19 23:48:10,094 [INFO] MainUpdater:2644 - connection check result : 10
2020-12-19 23:48:10,096 [INFO] MainUpdater:249 - Updater Check For Update Now.
2020-12-19 23:48:10,096 [INFO] MicroXplorer:415 - Change Database Version : DB.6.0.10
2020-12-19 23:48:10,188 [INFO] CheckServerUpdateThread:102 - End of CheckServer Thread
2020-12-19 23:48:10,264 [INFO] MainUpdater:2644 - connection check result : 10
2020-12-19 23:48:11,070 [INFO] CrossSelectorPresenter:1330 - Cross Selector saved comparison directory: C:\Users\WANG\.stmcufinder\plugins\mcufinder\mcu\cs_comparisons_mx
2020-12-19 23:48:11,078 [INFO] MultiScanPanel:198 - Auto-refresh data requested => check proxy status ongoing
2020-12-19 23:48:11,082 [INFO] FinderPluginLoader:87 - Searching for filters in installed packs
2020-12-19 23:48:11,084 [INFO] DbMcusXml:97 - Load MCU database from C:\ST\STM32CubeIDE_1.5.0\STM32CubeIDE\plugins\com.st.stm32cube.common.mx_6.1.0.202011121557\\db\/mcu/families.xml
2020-12-19 23:48:12,214 [INFO] DbMcusJson:92 - JSON generation date=Thu Dec 10 02:22:40 KST 2020 (1607534560)
2020-12-19 23:48:12,882 [INFO] DbMcus:176 - Found 1835 MCUs (1796 are supported by CubeMX, 1804 are visible in CubeMX)
2020-12-19 23:48:12,883 [INFO] ApiDb:229 - User favorites file not found: C:\Users\WANG/.stm32cubeide/favorites.mcus.txt
2020-12-19 23:48:12,883 [INFO] DbMcus:188 - Set 0 / 0 favorites MCUs
2020-12-19 23:48:13,423 [INFO] DetailPanel:344 - Set advertising image to C:/Users/WANG/STM32Cube/Repository/\stm32cubemx-promo_image.jpg
2020-12-19 23:48:13,758 [INFO] McuFilterPanel:245 - Update 0 favorites MCUs
2020-12-19 23:48:13,842 [INFO] DbBoardsPdsc:91 - Found 24 items
2020-12-19 23:48:13,853 [INFO] DbBoardsPdsc:91 - Found 9 items
2020-12-19 23:48:13,865 [INFO] DbBoardsPdsc:91 - Found 32 items
2020-12-19 23:48:13,874 [INFO] DbBoardsPdsc:91 - Found 1 items
2020-12-19 23:48:13,889 [INFO] DbBoardsPdsc:91 - Found 45 items
2020-12-19 23:48:13,906 [INFO] DbBoardsPdsc:91 - Found 41 items
2020-12-19 23:48:13,919 [INFO] DbBoardsPdsc:91 - Found 2 items
2020-12-19 23:48:13,932 [INFO] DbBoardsPdsc:91 - Found 4 items
2020-12-19 23:48:13,941 [WARN] DbBoardsPdsc:255 - Board STM32H7B3I-DK: unknown feature type=Audio, name=, username=Audio stereo codec with Headphone Amp (CS42L51-CNZ), n=1
2020-12-19 23:48:13,942 [WARN] DbBoardsPdsc:255 - Board STM32H735G-DK: unknown feature type=Audio, name=, username=Audio stereo codec with Headphone Amp (WM8994ECS/R), n=1
2020-12-19 23:48:13,948 [WARN] DbBoardsPdsc:255 - Board STM32H7B3I-EVAL: unknown feature type=Audio, name=, username=Multi-Channel Audio Codec (CS42L51-CNZ), n=1
2020-12-19 23:48:13,949 [WARN] DbBoardsPdsc:255 - Board STM32H7B3I-EVAL: unknown feature type=Meter, name=, username=Power-metering and Temperature-monitoring with sigma-delta modulators, n=1
2020-12-19 23:48:13,949 [WARN] DbBoardsPdsc:255 - Board STM32H7B3I-EVAL: unknown feature type=Motor, name=, username=Motor Control, n=1
2020-12-19 23:48:13,995 [INFO] DbBoardsJson:85 - JSON generation date=Thu Nov 05 23:55:26 KST 2020 (1604588126)
2020-12-19 23:48:14,003 [INFO] DbBoards:118 - Found 158 boards (155 are supported by CubeMX)
2020-12-19 23:48:14,030 [INFO] DbBoardsDocs:145 - JSON generation date=Thu Dec 10 02:22:40 KST 2020 (1607534560)
2020-12-19 23:48:14,074 [INFO] DbBoardsDocs:81 - Found 190 boards documents
2020-12-19 23:48:14,075 [WARN] DbBoards:128 - board B-L462E-CELL1 has no document id list !
2020-12-19 23:48:14,075 [WARN] DbBoards:128 - board B-L475E-IOT01A2 has no document id list !
2020-12-19 23:48:14,077 [WARN] DbBoards:128 - board NUCLEO-G0B1RE has no document id list !
2020-12-19 23:48:14,077 [WARN] DbBoards:128 - board NUCLEO-G491RE has no document id list !
2020-12-19 23:48:14,078 [WARN] DbBoards:128 - board NUCLEO-H743ZI2 has no document id list !
2020-12-19 23:48:14,078 [WARN] DbBoards:128 - board NUCLEO-L4A6ZG has no document id list !
2020-12-19 23:48:14,079 [WARN] DbBoards:128 - board NUCLEO-WB55RG has no document id list !
2020-12-19 23:48:14,079 [WARN] DbBoards:128 - board NUCLEO-WL55JC1 has no document id list !
2020-12-19 23:48:14,079 [WARN] DbBoards:128 - board NUCLEO-WL55JC2 has no document id list !
2020-12-19 23:48:14,079 [WARN] DbBoards:128 - board P-NUCLEO-WB55-Nucleo has no document id list !
2020-12-19 23:48:14,080 [WARN] DbBoards:128 - board P-NUCLEO-WB55-USBDongle has no document id list !
2020-12-19 23:48:14,080 [WARN] DbBoards:128 - board STEVAL-BFA001V1B has no document id list !
2020-12-19 23:48:14,080 [WARN] DbBoards:128 - board STEVAL-BFA001V2B has no document id list !
2020-12-19 23:48:14,080 [WARN] DbBoards:128 - board STEVAL-IDP005V1 has no document id list !
2020-12-19 23:48:14,080 [WARN] DbBoards:128 - board STEVAL-IDP005V2 has no document id list !
2020-12-19 23:48:14,080 [WARN] DbBoards:128 - board STEVAL-MKSBOX1V1 has no document id list !
2020-12-19 23:48:14,081 [WARN] DbBoards:128 - board STEVAL-STWINKT1 has no document id list !
2020-12-19 23:48:14,081 [WARN] DbBoards:128 - board STM32F401C-DISCO has no document id list !
2020-12-19 23:48:14,082 [WARN] DbBoards:128 - board STM32F769I-DISC1 has no document id list !
2020-12-19 23:48:14,083 [WARN] DbBoards:128 - board STM32G0C1E-EV has no document id list !
2020-12-19 23:48:14,083 [WARN] DbBoards:128 - board STM32G474E-EVAL1 has no document id list !
2020-12-19 23:48:14,083 [WARN] DbBoards:128 - board STM32H743I-EVAL2 has no document id list !
2020-12-19 23:48:14,084 [WARN] DbBoards:128 - board STM32H747I-DISC1 has no document id list !
2020-12-19 23:48:14,084 [WARN] DbBoards:128 - board STM32H753I-EVAL2 has no document id list !
2020-12-19 23:48:14,085 [WARN] DbBoards:128 - board STM32L-DISCOVERY has no document id list !
2020-12-19 23:48:14,086 [WARN] DbBoards:128 - board STM32MP157A-DK1 has no document id list !
2020-12-19 23:48:14,086 [WARN] DbBoards:128 - board STM32MP157F-DK2 has no document id list !
2020-12-19 23:48:14,086 [WARN] DbBoards:128 - board STM32MP157F-EV1 has no document id list !
2020-12-19 23:48:15,807 [INFO] ApiDb:229 - User favorites file not found: C:\Users\WANG/.stm32cubeide/favorites.boards.txt
2020-12-19 23:48:15,808 [INFO] DbBoards:207 - Set 0 / 0 favorites Boards
2020-12-19 23:48:37,098 [INFO] DbMcusDocs:145 - JSON generation date=Thu Dec 10 02:22:40 KST 2020 (1607534560)
2020-12-19 23:48:37,267 [INFO] DbMcusDocs:81 - Found 612 MCUs documents
2020-12-19 23:49:27,802 [INFO] ApiDb:263 - Save user favorites file C:\Users\WANG/.stm32cubeide/favorites.mcus.txt: 0 item(s)
2020-12-19 23:49:27,802 [INFO] ApiDb:267 - User favorites MCUs=[]
2020-12-20 09:17:20,451 [INFO] Activator:170 - 


2020-12-20 09:17:20,493 [INFO] Activator:171 - !SESSION log4j initialized
2020-12-20 09:47:45,744 [ERROR] ApiDbMcu:1471 - Can't use Application install path:
2020-12-20 09:47:48,028 [WARN] RulesReader:54 - Compatibility file://mcu/compatibility.xml not found
2020-12-20 13:27:59,654 [INFO] Activator:170 - 


2020-12-20 13:27:59,682 [INFO] Activator:171 - !SESSION log4j initialized
2020-12-20 15:49:27,524 [INFO] Activator:170 - 


2020-12-20 15:49:27,530 [INFO] Activator:171 - !SESSION log4j initialized
2020-12-20 19:54:48,423 [INFO] Activator:170 - 


2020-12-20 19:54:48,434 [INFO] Activator:171 - !SESSION log4j initialized
2020-12-21 21:26:55,351 [INFO] Activator:170 - 


2020-12-21 21:26:55,365 [INFO] Activator:171 - !SESSION log4j initialized
2020-12-22 07:53:09,300 [INFO] Activator:170 - 


2020-12-22 07:53:09,310 [INFO] Activator:171 - !SESSION log4j initialized
2020-12-22 18:45:08,518 [INFO] Activator:170 - 


2020-12-22 18:45:08,531 [INFO] Activator:171 - !SESSION log4j initialized
2020-12-25 17:26:24,441 [INFO] Activator:170 - 


2020-12-25 17:26:24,451 [INFO] Activator:171 - !SESSION log4j initialized
2020-12-25 21:17:12,655 [INFO] Activator:170 - 


2020-12-25 21:17:12,659 [INFO] Activator:171 - !SESSION log4j initialized
2020-12-25 22:48:52,819 [ERROR] ApiDbMcu:1471 - Can't use Application install path:
2020-12-25 22:48:55,098 [WARN] RulesReader:54 - Compatibility file://mcu/compatibility.xml not found
2020-12-26 10:20:45,491 [INFO] Activator:170 - 


2020-12-26 10:20:45,499 [INFO] Activator:171 - !SESSION log4j initialized
2020-12-26 18:54:25,755 [INFO] Activator:170 - 


2020-12-26 18:54:25,759 [INFO] Activator:171 - !SESSION log4j initialized
2020-12-26 20:07:56,444 [INFO] Activator:170 - 


2020-12-26 20:07:56,448 [INFO] Activator:171 - !SESSION log4j initialized
2020-12-27 10:22:25,263 [INFO] Activator:170 - 


2020-12-27 10:22:25,270 [INFO] Activator:171 - !SESSION log4j initialized
2020-12-27 12:41:44,722 [INFO] Activator:170 - 


2020-12-27 12:41:44,732 [INFO] Activator:171 - !SESSION log4j initialized
2020-12-27 21:27:46,931 [INFO] Activator:170 - 


2020-12-27 21:27:46,951 [INFO] Activator:171 - !SESSION log4j initialized
2020-12-30 20:23:37,805 [INFO] Activator:170 - 


2020-12-30 20:23:37,907 [INFO] Activator:171 - !SESSION log4j initialized
2021-01-01 13:26:15,475 [INFO] Activator:170 - 


2021-01-01 13:26:15,491 [INFO] Activator:171 - !SESSION log4j initialized
2021-01-01 17:05:39,258 [INFO] Activator:170 - 


2021-01-01 17:05:39,270 [INFO] Activator:171 - !SESSION log4j initialized
2021-01-01 20:14:40,452 [INFO] Activator:170 - 


2021-01-01 20:14:40,452 [INFO] Activator:171 - !SESSION log4j initialized
2021-01-02 09:20:46,767 [INFO] Activator:170 - 


2021-01-02 09:20:46,771 [INFO] Activator:171 - !SESSION log4j initialized
2021-01-02 09:28:03,499 [INFO] Activator:170 - 


2021-01-02 09:28:03,502 [INFO] Activator:171 - !SESSION log4j initialized
2021-01-02 13:39:29,412 [INFO] Activator:170 - 


2021-01-02 13:39:29,521 [INFO] Activator:171 - !SESSION log4j initialized
2021-01-02 20:00:51,351 [INFO] Activator:170 - 


2021-01-02 20:00:51,367 [INFO] Activator:171 - !SESSION log4j initialized
2021-01-03 08:42:15,949 [INFO] Activator:170 - 


2021-01-03 08:42:15,968 [INFO] Activator:171 - !SESSION log4j initialized
2021-01-03 16:54:11,591 [INFO] Activator:170 - 


2021-01-03 16:54:11,595 [INFO] Activator:171 - !SESSION log4j initialized
2021-01-03 18:15:02,286 [INFO] Activator:170 - 


2021-01-03 18:15:02,289 [INFO] Activator:171 - !SESSION log4j initialized
2021-01-05 21:01:10,517 [INFO] Activator:170 - 


2021-01-05 21:01:10,530 [INFO] Activator:171 - !SESSION log4j initialized
